<?xml version="1.0" encoding="UTF-8"?>
<testng-results skipped="0" failed="0" ignored="0" total="1" passed="1">
  <reporter-output>
  </reporter-output>
  <suite name="Default suite" duration-ms="37979" started-at="2019-10-09T10:18:04 PDT" finished-at="2019-10-09T10:18:42 PDT">
    <groups>
    </groups>
    <test name="Default test" duration-ms="37979" started-at="2019-10-09T10:18:04 PDT" finished-at="2019-10-09T10:18:42 PDT">
      <class name="TestNG.IteLearnlogin">
        <test-method status="PASS" signature="beforeMethod()[pri:0, instance:TestNG.IteLearnlogin@7e2d773b]" name="beforeMethod" is-config="true" duration-ms="20911" started-at="2019-10-09T10:18:04 PDT" finished-at="2019-10-09T10:18:25 PDT">
          <reporter-output>
          </reporter-output>
        </test-method> <!-- beforeMethod -->
        <test-method status="PASS" signature="logintest()[pri:0, instance:TestNG.IteLearnlogin@7e2d773b]" name="logintest" duration-ms="12382" started-at="2019-10-09T10:18:25 PDT" finished-at="2019-10-09T10:18:37 PDT">
          <reporter-output>
          </reporter-output>
        </test-method> <!-- logintest -->
        <test-method status="PASS" signature="afterMethod()[pri:0, instance:TestNG.IteLearnlogin@7e2d773b]" name="afterMethod" is-config="true" duration-ms="4587" started-at="2019-10-09T10:18:37 PDT" finished-at="2019-10-09T10:18:42 PDT">
          <reporter-output>
          </reporter-output>
        </test-method> <!-- afterMethod -->
      </class> <!-- TestNG.IteLearnlogin -->
    </test> <!-- Default test -->
  </suite> <!-- Default suite -->
</testng-results>
